<?xml version="1.0" encoding="UTF-8"?>
<testsuite xmlns:xsi="http://www.w3.org/2001/XMLSchema-instance" xsi:noNamespaceSchemaLocation="https://maven.apache.org/surefire/maven-surefire-plugin/xsd/surefire-test-report-3.0.xsd" version="3.0" name="productos.ApplicationTests" time="8.263" tests="1" errors="0" skipped="0" failures="0">
  <properties>
[...]
</properties>
  <testcase name="contextLoads" classname="productos.ApplicationTests" time="3.045">
    <system-out><![CDATA[19:31:57.499 [main] INFO org.springframework.test.context.support.AnnotationConfigContextLoaderUtils -- Could not detect default configuration classes for test class [productos.ApplicationTests]: ApplicationTests does not declare any static, non-private, non-final, nested classes annotated with @Configuration.
19:31:57.840 [main] INFO org.springframework.boot.test.context.SpringBootTestContextBootstrapper -- Found @SpringBootConfiguration productos.Application for test class productos.ApplicationTests
19:31:58.367 [main] INFO org.springframework.boot.devtools.restart.RestartApplicationListener -- Restart disabled due to context in which it is running

  .   ____          _            __ _ _
 /\\ / ___'_ __ _ _(_)_ __  __ _ \ \ \ \
( ( )\___ | '_ | '_| | '_ \/ _` | \ \ \ \
 \\/  ___)| |_)| | | | | || (_| |  ) ) ) )
  '  |____| .__|_| |_|_| |_\__, | / / / /
 =========|_|==============|___/=/_/_/_/

 :: Spring Boot ::                (v3.3.5)

2024-11-16T19:31:59.134-05:00  INFO 3256 --- [api.productos.jin.andres] [           main] productos.ApplicationTests               : Starting ApplicationTests using Java 20.0.2 with PID 3256 (started by Usuario in C:\Users\Usuario\Documents\workspace-spring-tool-suite-4-4.24.0.RELEASE\api.productos.jin.andres)
2024-11-16T19:31:59.136-05:00  INFO 3256 --- [api.productos.jin.andres] [           main] productos.ApplicationTests               : No active profile set, falling back to 1 default profile: "default"
2024-11-16T19:32:02.058-05:00  INFO 3256 --- [api.productos.jin.andres] [           main] productos.ApplicationTests               : Started ApplicationTests in 3.734 seconds (process running for 6.424)
]]></system-out>
  </testcase>
</testsuite>